<?xml version="1.0" encoding="utf-8"?><testsuites name="pytest tests"><testsuite name="pytest" errors="0" failures="0" skipped="0" tests="17" time="7.491" timestamp="2026-02-13T15:58:51.051377+00:00" hostname="agent-env-dc2ab0c3-26c9-408e-be32-133f0a9050d7"><testcase classname="backend.tests.test_calendar_events.TestHealthCheck" name="test_api_health" time="0.641" /><testcase classname="backend.tests.test_calendar_events.TestAuthentication" name="test_admin_login_success" time="0.556" /><testcase classname="backend.tests.test_calendar_events.TestAuthentication" name="test_admin_login_invalid_credentials" time="0.267" /><testcase classname="backend.tests.test_calendar_events.TestPublicEventsAPI" name="test_get_events_returns_200" time="0.221" /><testcase classname="backend.tests.test_calendar_events.TestPublicEventsAPI" name="test_get_events_with_month_year_filter" time="0.139" /><testcase classname="backend.tests.test_calendar_events.TestPublicEventsAPI" name="test_get_events_response_structure" time="0.202" /><testcase classname="backend.tests.test_calendar_events.TestPublicEventsAPI" name="test_get_events_only_public" time="0.157" /><testcase classname="backend.tests.test_calendar_events.TestEventTagsAPI" name="test_get_tags_returns_200" time="0.171" /><testcase classname="backend.tests.test_calendar_events.TestEventTagsAPI" name="test_get_tags_returns_strings" time="0.180" /><testcase classname="backend.tests.test_calendar_events.TestAdminEventsAPI" name="test_get_admin_events_returns_200" time="0.180" /><testcase classname="backend.tests.test_calendar_events.TestAdminEventsAPI" name="test_get_admin_events_unauthorized" time="0.154" /><testcase classname="backend.tests.test_calendar_events.TestAdminEventsAPI" name="test_create_event" time="0.163" /><testcase classname="backend.tests.test_calendar_events.TestAdminEventsAPI" name="test_update_event" time="0.484" /><testcase classname="backend.tests.test_calendar_events.TestAdminEventsAPI" name="test_delete_event" time="0.492" /><testcase classname="backend.tests.test_calendar_events.TestAdminEventsAPI" name="test_update_nonexistent_event" time="0.157" /><testcase classname="backend.tests.test_calendar_events.TestAdminEventsAPI" name="test_delete_nonexistent_event" time="0.121" /><testcase classname="backend.tests.test_calendar_events.TestEventColorValidation" name="test_create_event_with_valid_colors" time="2.999" /></testsuite></testsuites>