<?xml version="1.0" encoding="utf-8"?><testsuites name="pytest tests"><testsuite name="pytest" errors="0" failures="0" skipped="0" tests="20" time="8.560" timestamp="2026-02-13T22:45:31.022538+00:00" hostname="agent-env-8beda63f-cfbb-4994-827e-2f335eb730f0"><testcase classname="backend.tests.test_lva_system.TestLVAPublicEndpoints" name="test_get_lvas_list" time="0.233" /><testcase classname="backend.tests.test_lva_system.TestLVAPublicEndpoints" name="test_get_lvas_with_search" time="0.129" /><testcase classname="backend.tests.test_lva_system.TestLVAPublicEndpoints" name="test_get_lvas_response_structure" time="0.152" /><testcase classname="backend.tests.test_lva_system.TestLVAVerificationFlow" name="test_request_code_valid_email" time="0.431" /><testcase classname="backend.tests.test_lva_system.TestLVAVerificationFlow" name="test_request_code_invalid_email" time="0.425" /><testcase classname="backend.tests.test_lva_system.TestLVAVerificationFlow" name="test_request_code_nonexistent_lva" time="0.137" /><testcase classname="backend.tests.test_lva_system.TestLVAVerificationFlow" name="test_verify_code_invalid" time="0.294" /><testcase classname="backend.tests.test_lva_system.TestLVAVerificationFlow" name="test_submit_rating_invalid_code" time="0.362" /><testcase classname="backend.tests.test_lva_system.TestLVAVerificationFlow" name="test_submit_rating_invalid_values" time="0.262" /><testcase classname="backend.tests.test_lva_system.TestLVAAdminEndpoints" name="test_admin_get_lvas" time="0.598" /><testcase classname="backend.tests.test_lva_system.TestLVAAdminEndpoints" name="test_admin_create_lva" time="0.779" /><testcase classname="backend.tests.test_lva_system.TestLVAAdminEndpoints" name="test_admin_create_duplicate_lva" time="0.982" /><testcase classname="backend.tests.test_lva_system.TestLVAAdminEndpoints" name="test_admin_update_lva" time="0.968" /><testcase classname="backend.tests.test_lva_system.TestLVAAdminEndpoints" name="test_admin_delete_lva" time="0.796" /><testcase classname="backend.tests.test_lva_system.TestLVAAdminEndpoints" name="test_admin_delete_nonexistent_lva" time="0.513" /><testcase classname="backend.tests.test_lva_system.TestLVAAdminEndpoints" name="test_admin_import_lvas" time="0.591" /><testcase classname="backend.tests.test_lva_system.TestLVAGetSingle" name="test_get_single_lva" time="0.381" /><testcase classname="backend.tests.test_lva_system.TestLVAGetSingle" name="test_get_nonexistent_lva" time="0.165" /><testcase classname="backend.tests.test_lva_system.TestAdminAuthRequired" name="test_admin_lvas_requires_auth" time="0.159" /><testcase classname="backend.tests.test_lva_system.TestAdminAuthRequired" name="test_admin_create_lva_requires_auth" time="0.127" /></testsuite></testsuites>