<?xml version="1.0" encoding="utf-8"?><testsuites name="pytest tests"><testsuite name="pytest" errors="0" failures="0" skipped="0" tests="12" time="6.210" timestamp="2026-02-13T20:59:01.512455+00:00" hostname="agent-env-cf2f0311-ed19-4e55-b226-0075e6edb344"><testcase classname="backend.tests.test_postgresql_migration.TestHealthAndConnection" name="test_health_endpoint" time="0.463" /><testcase classname="backend.tests.test_postgresql_migration.TestHealthAndConnection" name="test_postgresql_connection_via_study_categories" time="0.218" /><testcase classname="backend.tests.test_postgresql_migration.TestMasterAdminLogin" name="test_master_admin_login_success" time="0.455" /><testcase classname="backend.tests.test_postgresql_migration.TestMasterAdminLogin" name="test_master_admin_email_correct" time="0.612" /><testcase classname="backend.tests.test_postgresql_migration.TestMasterAdminPasswordBlock" name="test_password_change_blocked_with_403" time="0.797" /><testcase classname="backend.tests.test_postgresql_migration.TestMasterAdminPasswordBlock" name="test_password_change_error_message" time="0.596" /><testcase classname="backend.tests.test_postgresql_migration.TestStudyDataFromPostgreSQL" name="test_study_programs_loaded" time="0.150" /><testcase classname="backend.tests.test_postgresql_migration.TestStudyDataFromPostgreSQL" name="test_study_updates_loaded" time="0.170" /><testcase classname="backend.tests.test_postgresql_migration.TestStudyDataFromPostgreSQL" name="test_study_updates_grouped" time="0.175" /><testcase classname="backend.tests.test_postgresql_migration.TestSGUCRUDOperations" name="test_create_study_update" time="0.960" /><testcase classname="backend.tests.test_postgresql_migration.TestSGUCRUDOperations" name="test_admin_study_categories_endpoint" time="0.702" /><testcase classname="backend.tests.test_postgresql_migration.TestSGUCRUDOperations" name="test_admin_study_programs_endpoint" time="0.641" /></testsuite></testsuites>